2025-01-03 02:25:58,061 INFO [main] o.a.n.b.NotificationServiceManager Successfully loaded the following 0 services: []
2025-01-03 02:25:58,066 INFO [main] org.apache.nifi.bootstrap.RunNiFi Registered no Notification Services for Notification Type NIFI_STARTED
2025-01-03 02:25:58,066 INFO [main] org.apache.nifi.bootstrap.RunNiFi Registered no Notification Services for Notification Type NIFI_STOPPED
2025-01-03 02:25:58,066 INFO [main] org.apache.nifi.bootstrap.RunNiFi Registered no Notification Services for Notification Type NIFI_DIED
2025-01-03 02:25:58,071 INFO [main] org.apache.nifi.bootstrap.RunNiFi Runtime Java version: 1.8.0_432
2025-01-03 02:25:58,090 INFO [main] org.apache.nifi.bootstrap.Command Starting Apache NiFi...
2025-01-03 02:25:58,091 INFO [main] org.apache.nifi.bootstrap.Command Working Directory: /home/alvinnguyen41/nifi-1.13.2
2025-01-03 02:25:58,091 INFO [main] org.apache.nifi.bootstrap.Command Command: /usr/lib/jvm/java-8-openjdk-amd64/bin/java -classpath /home/alvinnguyen41/nifi-1.13.2/./conf:/home/alvinnguyen41/nifi-1.13.2/./lib/logback-core-1.2.3.jar:/home/alvinnguyen41/nifi-1.13.2/./lib/nifi-runtime-1.13.2.jar:/home/alvinnguyen41/nifi-1.13.2/./lib/nifi-stateless-bootstrap-1.13.2.jar:/home/alvinnguyen41/nifi-1.13.2/./lib/nifi-framework-api-1.13.2.jar:/home/alvinnguyen41/nifi-1.13.2/./lib/jcl-over-slf4j-1.7.30.jar:/home/alvinnguyen41/nifi-1.13.2/./lib/nifi-nar-utils-1.13.2.jar:/home/alvinnguyen41/nifi-1.13.2/./lib/jul-to-slf4j-1.7.30.jar:/home/alvinnguyen41/nifi-1.13.2/./lib/nifi-api-1.13.2.jar:/home/alvinnguyen41/nifi-1.13.2/./lib/nifi-properties-1.13.2.jar:/home/alvinnguyen41/nifi-1.13.2/./lib/nifi-server-api-1.13.2.jar:/home/alvinnguyen41/nifi-1.13.2/./lib/javax.servlet-api-3.1.0.jar:/home/alvinnguyen41/nifi-1.13.2/./lib/slf4j-api-1.7.30.jar:/home/alvinnguyen41/nifi-1.13.2/./lib/log4j-over-slf4j-1.7.30.jar:/home/alvinnguyen41/nifi-1.13.2/./lib/logback-classic-1.2.3.jar:/home/alvinnguyen41/nifi-1.13.2/./lib/jetty-schemas-3.1.jar:/home/alvinnguyen41/nifi-1.13.2/./lib/nifi-stateless-api-1.13.2.jar -Dorg.apache.jasper.compiler.disablejsr199=true -Xmx512m -Xms512m -Dcurator-log-only-first-connection-issue-as-error-level=true -Djavax.security.auth.useSubjectCredsOnly=true -Djava.security.egd=file:/dev/urandom -Dzookeeper.admin.enableServer=false -Dsun.net.http.allowRestrictedHeaders=true -Djava.net.preferIPv4Stack=true -Djava.awt.headless=true -Djava.protocol.handler.pkgs=sun.net.www.protocol -Dnifi.properties.file.path=/home/alvinnguyen41/nifi-1.13.2/./conf/nifi.properties -Dnifi.bootstrap.listen.port=43249 -Dapp=NiFi -Dorg.apache.nifi.bootstrap.config.log.dir=/home/alvinnguyen41/nifi-1.13.2/logs org.apache.nifi.NiFi 
2025-01-03 02:25:58,199 INFO [main] org.apache.nifi.bootstrap.Command Launched Apache NiFi with Process ID 1212
2025-01-03 02:25:59,283 INFO [NiFi Bootstrap Command Listener] org.apache.nifi.bootstrap.RunNiFi Apache NiFi now running and listening for Bootstrap requests on port 42443
2025-01-03 02:29:13,168 INFO [main] o.a.n.b.NotificationServiceManager Successfully loaded the following 0 services: []
2025-01-03 02:29:13,183 INFO [main] org.apache.nifi.bootstrap.RunNiFi Registered no Notification Services for Notification Type NIFI_STARTED
2025-01-03 02:29:13,183 INFO [main] org.apache.nifi.bootstrap.RunNiFi Registered no Notification Services for Notification Type NIFI_STOPPED
2025-01-03 02:29:13,183 INFO [main] org.apache.nifi.bootstrap.RunNiFi Registered no Notification Services for Notification Type NIFI_DIED
2025-01-03 02:29:13,237 INFO [main] org.apache.nifi.bootstrap.Command Apache NiFi has accepted the Shutdown Command and is shutting down now
2025-01-03 02:29:13,324 INFO [main] org.apache.nifi.bootstrap.Command Waiting for Apache NiFi to finish shutting down...
2025-01-03 02:29:15,031 INFO [main] org.apache.nifi.bootstrap.RunNiFi A shutdown was initiated. Will not restart NiFi
2025-01-03 02:29:15,333 INFO [main] org.apache.nifi.bootstrap.Command NiFi has finished shutting down.
2025-01-03 02:29:25,230 INFO [main] o.a.n.b.NotificationServiceManager Successfully loaded the following 0 services: []
2025-01-03 02:29:25,233 INFO [main] org.apache.nifi.bootstrap.RunNiFi Registered no Notification Services for Notification Type NIFI_STARTED
2025-01-03 02:29:25,233 INFO [main] org.apache.nifi.bootstrap.RunNiFi Registered no Notification Services for Notification Type NIFI_STOPPED
2025-01-03 02:29:25,233 INFO [main] org.apache.nifi.bootstrap.RunNiFi Registered no Notification Services for Notification Type NIFI_DIED
2025-01-03 02:29:25,237 INFO [main] org.apache.nifi.bootstrap.RunNiFi Runtime Java version: 1.8.0_432
2025-01-03 02:29:25,248 INFO [main] org.apache.nifi.bootstrap.Command Starting Apache NiFi...
2025-01-03 02:29:25,249 INFO [main] org.apache.nifi.bootstrap.Command Working Directory: /home/alvinnguyen41/nifi-1.13.2
2025-01-03 02:29:25,249 INFO [main] org.apache.nifi.bootstrap.Command Command: /usr/lib/jvm/java-8-openjdk-amd64/bin/java -classpath /home/alvinnguyen41/nifi-1.13.2/./conf:/home/alvinnguyen41/nifi-1.13.2/./lib/logback-core-1.2.3.jar:/home/alvinnguyen41/nifi-1.13.2/./lib/nifi-runtime-1.13.2.jar:/home/alvinnguyen41/nifi-1.13.2/./lib/nifi-stateless-bootstrap-1.13.2.jar:/home/alvinnguyen41/nifi-1.13.2/./lib/nifi-framework-api-1.13.2.jar:/home/alvinnguyen41/nifi-1.13.2/./lib/jcl-over-slf4j-1.7.30.jar:/home/alvinnguyen41/nifi-1.13.2/./lib/nifi-nar-utils-1.13.2.jar:/home/alvinnguyen41/nifi-1.13.2/./lib/jul-to-slf4j-1.7.30.jar:/home/alvinnguyen41/nifi-1.13.2/./lib/nifi-api-1.13.2.jar:/home/alvinnguyen41/nifi-1.13.2/./lib/nifi-properties-1.13.2.jar:/home/alvinnguyen41/nifi-1.13.2/./lib/nifi-server-api-1.13.2.jar:/home/alvinnguyen41/nifi-1.13.2/./lib/javax.servlet-api-3.1.0.jar:/home/alvinnguyen41/nifi-1.13.2/./lib/slf4j-api-1.7.30.jar:/home/alvinnguyen41/nifi-1.13.2/./lib/log4j-over-slf4j-1.7.30.jar:/home/alvinnguyen41/nifi-1.13.2/./lib/logback-classic-1.2.3.jar:/home/alvinnguyen41/nifi-1.13.2/./lib/jetty-schemas-3.1.jar:/home/alvinnguyen41/nifi-1.13.2/./lib/nifi-stateless-api-1.13.2.jar -Dorg.apache.jasper.compiler.disablejsr199=true -Xmx512m -Xms512m -Dcurator-log-only-first-connection-issue-as-error-level=true -Djavax.security.auth.useSubjectCredsOnly=true -Djava.security.egd=file:/dev/urandom -Dzookeeper.admin.enableServer=false -Dsun.net.http.allowRestrictedHeaders=true -Djava.net.preferIPv4Stack=true -Djava.awt.headless=true -Djava.protocol.handler.pkgs=sun.net.www.protocol -Dnifi.properties.file.path=/home/alvinnguyen41/nifi-1.13.2/./conf/nifi.properties -Dnifi.bootstrap.listen.port=44573 -Dapp=NiFi -Dorg.apache.nifi.bootstrap.config.log.dir=/home/alvinnguyen41/nifi-1.13.2/logs org.apache.nifi.NiFi 
2025-01-03 02:29:25,360 INFO [main] org.apache.nifi.bootstrap.Command Launched Apache NiFi with Process ID 1386
2025-01-03 02:29:26,713 INFO [NiFi Bootstrap Command Listener] org.apache.nifi.bootstrap.RunNiFi Apache NiFi now running and listening for Bootstrap requests on port 44093
